[INFO] Scanning for projects...
[INFO] 
[INFO] ----------------------< com.azs:desk-collection >-----------------------
[INFO] Building desk-collection 0.0.1-SNAPSHOT
[INFO]   from pom.xml
[INFO] --------------------------------[ jar ]---------------------------------
[INFO] 
[INFO] --- clean:3.5.0:clean (default-clean) @ desk-collection ---
[INFO] Deleting /home/feldy/Documents/desk-collection/target
[INFO] 
[INFO] >>> spring-boot:4.0.2:run (default-cli) > test-compile @ desk-collection >>>
[INFO] 
[INFO] --- resources:3.3.1:resources (default-resources) @ desk-collection ---
[INFO] Copying 1 resource from src/main/resources to target/classes
[INFO] Copying 9 resources from src/main/resources to target/classes
[INFO] 
[INFO] --- compiler:3.14.1:compile (default-compile) @ desk-collection ---
[INFO] Recompiling the module because of changed source code.
[INFO] Compiling 16 source files with javac [debug parameters release 17] to target/classes
[INFO] 
[INFO] --- resources:3.3.1:testResources (default-testResources) @ desk-collection ---
[INFO] skip non existing resourceDirectory /home/feldy/Documents/desk-collection/src/test/resources
[INFO] 
[INFO] --- compiler:3.14.1:testCompile (default-testCompile) @ desk-collection ---
[INFO] Recompiling the module because of changed dependency.
[INFO] Compiling 1 source file with javac [debug parameters release 17] to target/test-classes
[INFO] 
[INFO] <<< spring-boot:4.0.2:run (default-cli) < test-compile @ desk-collection <<<
[INFO] 
[INFO] 
[INFO] --- spring-boot:4.0.2:run (default-cli) @ desk-collection ---
[INFO] Attaching agents: []

  .   ____          _            __ _ _
 /\\ / ___'_ __ _ _(_)_ __  __ _ \ \ \ \
( ( )\___ | '_ | '_| | '_ \/ _` | \ \ \ \
 \\/  ___)| |_)| | | | | || (_| |  ) ) ) )
  '  |____| .__|_| |_|_| |_\__, | / / / /
 =========|_|==============|___/=/_/_/_/

 :: Spring Boot ::                (v4.0.2)

2026-01-29T23:40:24.805+07:00  INFO 44449 --- [desk-collection] [           main] c.a.d.DeskCollectionApplication          : Starting DeskCollectionApplication using Java 17.0.16 with PID 44449 (/home/feldy/Documents/desk-collection/target/classes started by feldy in /home/feldy/Documents/desk-collection)
2026-01-29T23:40:24.808+07:00  INFO 44449 --- [desk-collection] [           main] c.a.d.DeskCollectionApplication          : No active profile set, falling back to 1 default profile: "default"
2026-01-29T23:40:25.119+07:00  INFO 44449 --- [desk-collection] [           main] .s.d.r.c.RepositoryConfigurationDelegate : Bootstrapping Spring Data JPA repositories in DEFAULT mode.
2026-01-29T23:40:25.145+07:00  INFO 44449 --- [desk-collection] [           main] .s.d.r.c.RepositoryConfigurationDelegate : Finished Spring Data repository scanning in 22 ms. Found 4 JPA repository interfaces.
2026-01-29T23:40:25.387+07:00  INFO 44449 --- [desk-collection] [           main] o.s.boot.tomcat.TomcatWebServer          : Tomcat initialized with port 8080 (http)
2026-01-29T23:40:25.394+07:00  INFO 44449 --- [desk-collection] [           main] o.apache.catalina.core.StandardService   : Starting service [Tomcat]
2026-01-29T23:40:25.394+07:00  INFO 44449 --- [desk-collection] [           main] o.apache.catalina.core.StandardEngine    : Starting Servlet engine: [Apache Tomcat/11.0.15]
2026-01-29T23:40:25.415+07:00  INFO 44449 --- [desk-collection] [           main] b.w.c.s.WebApplicationContextInitializer : Root WebApplicationContext: initialization completed in 568 ms
2026-01-29T23:40:25.613+07:00  INFO 44449 --- [desk-collection] [           main] com.zaxxer.hikari.HikariDataSource       : HikariPool-1 - Starting...
2026-01-29T23:40:25.692+07:00  INFO 44449 --- [desk-collection] [           main] com.zaxxer.hikari.pool.HikariPool        : HikariPool-1 - Added connection org.postgresql.jdbc.PgConnection@47569167
2026-01-29T23:40:25.692+07:00  INFO 44449 --- [desk-collection] [           main] com.zaxxer.hikari.HikariDataSource       : HikariPool-1 - Start completed.
2026-01-29T23:40:25.709+07:00  INFO 44449 --- [desk-collection] [           main] org.flywaydb.core.FlywayExecutor         : Database: jdbc:postgresql://localhost:5432/desk_collection (PostgreSQL 15.15)
2026-01-29T23:40:25.735+07:00  INFO 44449 --- [desk-collection] [           main] o.f.core.internal.command.DbValidate     : Successfully validated 2 migrations (execution time 00:00.013s)
2026-01-29T23:40:25.767+07:00  INFO 44449 --- [desk-collection] [           main] o.f.core.internal.command.DbMigrate      : Current version of schema "public": 2
2026-01-29T23:40:25.769+07:00  INFO 44449 --- [desk-collection] [           main] o.f.core.internal.command.DbMigrate      : Schema "public" is up to date. No migration necessary.
2026-01-29T23:40:25.807+07:00  INFO 44449 --- [desk-collection] [           main] org.hibernate.orm.jpa                    : HHH008540: Processing PersistenceUnitInfo [name: default]
2026-01-29T23:40:25.828+07:00  INFO 44449 --- [desk-collection] [           main] org.hibernate.orm.core                   : HHH000001: Hibernate ORM core version 7.2.1.Final
2026-01-29T23:40:26.012+07:00  INFO 44449 --- [desk-collection] [           main] o.s.o.j.p.SpringPersistenceUnitInfo      : No LoadTimeWeaver setup: ignoring JPA class transformer
2026-01-29T23:40:26.037+07:00  WARN 44449 --- [desk-collection] [           main] org.hibernate.orm.deprecation            : HHH90000025: PostgreSQLDialect does not need to be specified explicitly using 'hibernate.dialect' (remove the property setting and it will be selected by default)
2026-01-29T23:40:26.049+07:00  INFO 44449 --- [desk-collection] [           main] org.hibernate.orm.connections.pooling    : HHH10001005: Database info:
	Database JDBC URL [jdbc:postgresql://localhost:5432/desk_collection]
	Database driver: PostgreSQL JDBC Driver
	Database dialect: PostgreSQLDialect
	Database version: 15.15
	Default catalog/schema: desk_collection/public
	Autocommit mode: undefined/unknown
	Isolation level: READ_COMMITTED [default READ_COMMITTED]
	JDBC fetch size: none
	Pool: DataSourceConnectionProvider
	Minimum pool size: undefined/unknown
	Maximum pool size: undefined/unknown
2026-01-29T23:40:26.581+07:00  INFO 44449 --- [desk-collection] [           main] org.hibernate.orm.core                   : HHH000489: No JTA platform available (set 'hibernate.transaction.jta.platform' to enable JTA platform integration)
2026-01-29T23:40:26.602+07:00  INFO 44449 --- [desk-collection] [           main] j.LocalContainerEntityManagerFactoryBean : Initialized JPA EntityManagerFactory for persistence unit 'default'
2026-01-29T23:40:26.641+07:00  INFO 44449 --- [desk-collection] [           main] o.s.d.j.r.query.QueryEnhancerFactories   : Hibernate is in classpath; If applicable, HQL parser will be used.
2026-01-29T23:40:26.774+07:00  WARN 44449 --- [desk-collection] [           main] JpaBaseConfiguration$JpaWebConfiguration : spring.jpa.open-in-view is enabled by default. Therefore, database queries may be performed during view rendering. Explicitly configure spring.jpa.open-in-view to disable this warning
2026-01-29T23:40:26.808+07:00  INFO 44449 --- [desk-collection] [           main] r$InitializeUserDetailsManagerConfigurer : Global AuthenticationManager configured with UserDetailsService bean with name customUserDetailsService
2026-01-29T23:40:27.051+07:00  INFO 44449 --- [desk-collection] [           main] o.s.boot.tomcat.TomcatWebServer          : Tomcat started on port 8080 (http) with context path '/'
2026-01-29T23:40:27.055+07:00  INFO 44449 --- [desk-collection] [           main] c.a.d.DeskCollectionApplication          : Started DeskCollectionApplication in 2.46 seconds (process running for 2.617)
2026-01-29T23:40:38.674+07:00  INFO 44449 --- [desk-collection] [nio-8080-exec-1] o.a.c.c.C.[Tomcat].[localhost].[/]       : Initializing Spring DispatcherServlet 'dispatcherServlet'
2026-01-29T23:40:38.675+07:00  INFO 44449 --- [desk-collection] [nio-8080-exec-1] o.s.web.servlet.DispatcherServlet        : Initializing Servlet 'dispatcherServlet'
2026-01-29T23:40:38.676+07:00  INFO 44449 --- [desk-collection] [nio-8080-exec-1] o.s.web.servlet.DispatcherServlet        : Completed initialization in 1 ms
Hibernate: select u1_0.id,u1_0.created_at,u1_0.password,u1_0.role,u1_0.username from users u1_0 where u1_0.username=?
Hibernate: select d1_0.id,d1_0.address,d1_0.created_at,d1_0.email,d1_0.name,d1_0.notes,d1_0.phone_number from debtors d1_0
Hibernate: select l1_0.debtor_id,l1_0.id,l1_0.amount,l1_0.due_date,l1_0.remaining_amount,l1_0.status from loans l1_0 where l1_0.debtor_id=?
Hibernate: select l1_0.debtor_id,l1_0.id,l1_0.amount,l1_0.due_date,l1_0.remaining_amount,l1_0.status from loans l1_0 where l1_0.debtor_id=?
Hibernate: select l1_0.debtor_id,l1_0.id,l1_0.amount,l1_0.due_date,l1_0.remaining_amount,l1_0.status from loans l1_0 where l1_0.debtor_id=?
Hibernate: select d1_0.id,d1_0.address,d1_0.created_at,d1_0.email,d1_0.name,d1_0.notes,d1_0.phone_number from debtors d1_0
Hibernate: select l1_0.debtor_id,l1_0.id,l1_0.amount,l1_0.due_date,l1_0.remaining_amount,l1_0.status from loans l1_0 where l1_0.debtor_id=?
Hibernate: select l1_0.debtor_id,l1_0.id,l1_0.amount,l1_0.due_date,l1_0.remaining_amount,l1_0.status from loans l1_0 where l1_0.debtor_id=?
Hibernate: select l1_0.debtor_id,l1_0.id,l1_0.amount,l1_0.due_date,l1_0.remaining_amount,l1_0.status from loans l1_0 where l1_0.debtor_id=?
Hibernate: select d1_0.id,d1_0.address,d1_0.created_at,d1_0.email,d1_0.name,d1_0.notes,d1_0.phone_number from debtors d1_0
Hibernate: select l1_0.debtor_id,l1_0.id,l1_0.amount,l1_0.due_date,l1_0.remaining_amount,l1_0.status from loans l1_0 where l1_0.debtor_id=?
Hibernate: select l1_0.debtor_id,l1_0.id,l1_0.amount,l1_0.due_date,l1_0.remaining_amount,l1_0.status from loans l1_0 where l1_0.debtor_id=?
Hibernate: select l1_0.debtor_id,l1_0.id,l1_0.amount,l1_0.due_date,l1_0.remaining_amount,l1_0.status from loans l1_0 where l1_0.debtor_id=?
Hibernate: select u1_0.id,u1_0.created_at,u1_0.password,u1_0.role,u1_0.username from users u1_0 where u1_0.username=?
Hibernate: select d1_0.id,d1_0.address,d1_0.created_at,d1_0.email,d1_0.name,d1_0.notes,d1_0.phone_number from debtors d1_0
Hibernate: select l1_0.debtor_id,l1_0.id,l1_0.amount,l1_0.due_date,l1_0.remaining_amount,l1_0.status from loans l1_0 where l1_0.debtor_id=?
Hibernate: select l1_0.debtor_id,l1_0.id,l1_0.amount,l1_0.due_date,l1_0.remaining_amount,l1_0.status from loans l1_0 where l1_0.debtor_id=?
Hibernate: select l1_0.debtor_id,l1_0.id,l1_0.amount,l1_0.due_date,l1_0.remaining_amount,l1_0.status from loans l1_0 where l1_0.debtor_id=?
Hibernate: select d1_0.id,d1_0.address,d1_0.created_at,d1_0.email,d1_0.name,d1_0.notes,d1_0.phone_number from debtors d1_0
Hibernate: select l1_0.debtor_id,l1_0.id,l1_0.amount,l1_0.due_date,l1_0.remaining_amount,l1_0.status from loans l1_0 where l1_0.debtor_id=?
Hibernate: select l1_0.debtor_id,l1_0.id,l1_0.amount,l1_0.due_date,l1_0.remaining_amount,l1_0.status from loans l1_0 where l1_0.debtor_id=?
Hibernate: select l1_0.debtor_id,l1_0.id,l1_0.amount,l1_0.due_date,l1_0.remaining_amount,l1_0.status from loans l1_0 where l1_0.debtor_id=?
Hibernate: select d1_0.id,d1_0.address,d1_0.created_at,d1_0.email,d1_0.name,d1_0.notes,d1_0.phone_number from debtors d1_0
Hibernate: select l1_0.debtor_id,l1_0.id,l1_0.amount,l1_0.due_date,l1_0.remaining_amount,l1_0.status from loans l1_0 where l1_0.debtor_id=?
Hibernate: select l1_0.debtor_id,l1_0.id,l1_0.amount,l1_0.due_date,l1_0.remaining_amount,l1_0.status from loans l1_0 where l1_0.debtor_id=?
Hibernate: select l1_0.debtor_id,l1_0.id,l1_0.amount,l1_0.due_date,l1_0.remaining_amount,l1_0.status from loans l1_0 where l1_0.debtor_id=?
Hibernate: select d1_0.id,d1_0.address,d1_0.created_at,d1_0.email,d1_0.name,d1_0.notes,d1_0.phone_number from debtors d1_0
Hibernate: select l1_0.debtor_id,l1_0.id,l1_0.amount,l1_0.due_date,l1_0.remaining_amount,l1_0.status from loans l1_0 where l1_0.debtor_id=?
Hibernate: select l1_0.debtor_id,l1_0.id,l1_0.amount,l1_0.due_date,l1_0.remaining_amount,l1_0.status from loans l1_0 where l1_0.debtor_id=?
Hibernate: select l1_0.debtor_id,l1_0.id,l1_0.amount,l1_0.due_date,l1_0.remaining_amount,l1_0.status from loans l1_0 where l1_0.debtor_id=?
Hibernate: select d1_0.id,d1_0.address,d1_0.created_at,d1_0.email,d1_0.name,d1_0.notes,d1_0.phone_number from debtors d1_0
Hibernate: select l1_0.debtor_id,l1_0.id,l1_0.amount,l1_0.due_date,l1_0.remaining_amount,l1_0.status from loans l1_0 where l1_0.debtor_id=?
Hibernate: select l1_0.debtor_id,l1_0.id,l1_0.amount,l1_0.due_date,l1_0.remaining_amount,l1_0.status from loans l1_0 where l1_0.debtor_id=?
Hibernate: select l1_0.debtor_id,l1_0.id,l1_0.amount,l1_0.due_date,l1_0.remaining_amount,l1_0.status from loans l1_0 where l1_0.debtor_id=?
Hibernate: select d1_0.id,d1_0.address,d1_0.created_at,d1_0.email,d1_0.name,d1_0.notes,d1_0.phone_number from debtors d1_0
Hibernate: select l1_0.debtor_id,l1_0.id,l1_0.amount,l1_0.due_date,l1_0.remaining_amount,l1_0.status from loans l1_0 where l1_0.debtor_id=?
Hibernate: select l1_0.debtor_id,l1_0.id,l1_0.amount,l1_0.due_date,l1_0.remaining_amount,l1_0.status from loans l1_0 where l1_0.debtor_id=?
Hibernate: select l1_0.debtor_id,l1_0.id,l1_0.amount,l1_0.due_date,l1_0.remaining_amount,l1_0.status from loans l1_0 where l1_0.debtor_id=?
Hibernate: select d1_0.id,d1_0.address,d1_0.created_at,d1_0.email,d1_0.name,d1_0.notes,d1_0.phone_number from debtors d1_0
Hibernate: select l1_0.debtor_id,l1_0.id,l1_0.amount,l1_0.due_date,l1_0.remaining_amount,l1_0.status from loans l1_0 where l1_0.debtor_id=?
Hibernate: select l1_0.debtor_id,l1_0.id,l1_0.amount,l1_0.due_date,l1_0.remaining_amount,l1_0.status from loans l1_0 where l1_0.debtor_id=?
Hibernate: select l1_0.debtor_id,l1_0.id,l1_0.amount,l1_0.due_date,l1_0.remaining_amount,l1_0.status from loans l1_0 where l1_0.debtor_id=?
Hibernate: select d1_0.id,d1_0.address,d1_0.created_at,d1_0.email,d1_0.name,d1_0.notes,d1_0.phone_number from debtors d1_0
Hibernate: select l1_0.debtor_id,l1_0.id,l1_0.amount,l1_0.due_date,l1_0.remaining_amount,l1_0.status from loans l1_0 where l1_0.debtor_id=?
Hibernate: select l1_0.debtor_id,l1_0.id,l1_0.amount,l1_0.due_date,l1_0.remaining_amount,l1_0.status from loans l1_0 where l1_0.debtor_id=?
Hibernate: select l1_0.debtor_id,l1_0.id,l1_0.amount,l1_0.due_date,l1_0.remaining_amount,l1_0.status from loans l1_0 where l1_0.debtor_id=?
Hibernate: select d1_0.id,d1_0.address,d1_0.created_at,d1_0.email,d1_0.name,d1_0.notes,d1_0.phone_number from debtors d1_0
Hibernate: select l1_0.debtor_id,l1_0.id,l1_0.amount,l1_0.due_date,l1_0.remaining_amount,l1_0.status from loans l1_0 where l1_0.debtor_id=?
Hibernate: select l1_0.debtor_id,l1_0.id,l1_0.amount,l1_0.due_date,l1_0.remaining_amount,l1_0.status from loans l1_0 where l1_0.debtor_id=?
Hibernate: select l1_0.debtor_id,l1_0.id,l1_0.amount,l1_0.due_date,l1_0.remaining_amount,l1_0.status from loans l1_0 where l1_0.debtor_id=?
Hibernate: select d1_0.id,d1_0.address,d1_0.created_at,d1_0.email,d1_0.name,d1_0.notes,d1_0.phone_number from debtors d1_0
Hibernate: select l1_0.debtor_id,l1_0.id,l1_0.amount,l1_0.due_date,l1_0.remaining_amount,l1_0.status from loans l1_0 where l1_0.debtor_id=?
Hibernate: select l1_0.debtor_id,l1_0.id,l1_0.amount,l1_0.due_date,l1_0.remaining_amount,l1_0.status from loans l1_0 where l1_0.debtor_id=?
Hibernate: select l1_0.debtor_id,l1_0.id,l1_0.amount,l1_0.due_date,l1_0.remaining_amount,l1_0.status from loans l1_0 where l1_0.debtor_id=?
Hibernate: select d1_0.id,d1_0.address,d1_0.created_at,d1_0.email,d1_0.name,d1_0.notes,d1_0.phone_number from debtors d1_0
Hibernate: select l1_0.debtor_id,l1_0.id,l1_0.amount,l1_0.due_date,l1_0.remaining_amount,l1_0.status from loans l1_0 where l1_0.debtor_id=?
Hibernate: select l1_0.debtor_id,l1_0.id,l1_0.amount,l1_0.due_date,l1_0.remaining_amount,l1_0.status from loans l1_0 where l1_0.debtor_id=?
Hibernate: select l1_0.debtor_id,l1_0.id,l1_0.amount,l1_0.due_date,l1_0.remaining_amount,l1_0.status from loans l1_0 where l1_0.debtor_id=?
Hibernate: select d1_0.id,d1_0.address,d1_0.created_at,d1_0.email,d1_0.name,d1_0.notes,d1_0.phone_number from debtors d1_0
Hibernate: select l1_0.debtor_id,l1_0.id,l1_0.amount,l1_0.due_date,l1_0.remaining_amount,l1_0.status from loans l1_0 where l1_0.debtor_id=?
Hibernate: select l1_0.debtor_id,l1_0.id,l1_0.amount,l1_0.due_date,l1_0.remaining_amount,l1_0.status from loans l1_0 where l1_0.debtor_id=?
Hibernate: select l1_0.debtor_id,l1_0.id,l1_0.amount,l1_0.due_date,l1_0.remaining_amount,l1_0.status from loans l1_0 where l1_0.debtor_id=?
Hibernate: select d1_0.id,d1_0.address,d1_0.created_at,d1_0.email,d1_0.name,d1_0.notes,d1_0.phone_number from debtors d1_0
Hibernate: select l1_0.debtor_id,l1_0.id,l1_0.amount,l1_0.due_date,l1_0.remaining_amount,l1_0.status from loans l1_0 where l1_0.debtor_id=?
Hibernate: select l1_0.debtor_id,l1_0.id,l1_0.amount,l1_0.due_date,l1_0.remaining_amount,l1_0.status from loans l1_0 where l1_0.debtor_id=?
Hibernate: select l1_0.debtor_id,l1_0.id,l1_0.amount,l1_0.due_date,l1_0.remaining_amount,l1_0.status from loans l1_0 where l1_0.debtor_id=?
Hibernate: select d1_0.id,d1_0.address,d1_0.created_at,d1_0.email,d1_0.name,d1_0.notes,d1_0.phone_number from debtors d1_0
Hibernate: select l1_0.debtor_id,l1_0.id,l1_0.amount,l1_0.due_date,l1_0.remaining_amount,l1_0.status from loans l1_0 where l1_0.debtor_id=?
Hibernate: select l1_0.debtor_id,l1_0.id,l1_0.amount,l1_0.due_date,l1_0.remaining_amount,l1_0.status from loans l1_0 where l1_0.debtor_id=?
Hibernate: select l1_0.debtor_id,l1_0.id,l1_0.amount,l1_0.due_date,l1_0.remaining_amount,l1_0.status from loans l1_0 where l1_0.debtor_id=?
Hibernate: select d1_0.id,d1_0.address,d1_0.created_at,d1_0.email,d1_0.name,d1_0.notes,d1_0.phone_number from debtors d1_0
Hibernate: select l1_0.debtor_id,l1_0.id,l1_0.amount,l1_0.due_date,l1_0.remaining_amount,l1_0.status from loans l1_0 where l1_0.debtor_id=?
Hibernate: select l1_0.debtor_id,l1_0.id,l1_0.amount,l1_0.due_date,l1_0.remaining_amount,l1_0.status from loans l1_0 where l1_0.debtor_id=?
Hibernate: select l1_0.debtor_id,l1_0.id,l1_0.amount,l1_0.due_date,l1_0.remaining_amount,l1_0.status from loans l1_0 where l1_0.debtor_id=?
Hibernate: select d1_0.id,d1_0.address,d1_0.created_at,d1_0.email,d1_0.name,d1_0.notes,d1_0.phone_number from debtors d1_0
Hibernate: select l1_0.debtor_id,l1_0.id,l1_0.amount,l1_0.due_date,l1_0.remaining_amount,l1_0.status from loans l1_0 where l1_0.debtor_id=?
Hibernate: select l1_0.debtor_id,l1_0.id,l1_0.amount,l1_0.due_date,l1_0.remaining_amount,l1_0.status from loans l1_0 where l1_0.debtor_id=?
Hibernate: select l1_0.debtor_id,l1_0.id,l1_0.amount,l1_0.due_date,l1_0.remaining_amount,l1_0.status from loans l1_0 where l1_0.debtor_id=?
Hibernate: select d1_0.id,d1_0.address,d1_0.created_at,d1_0.email,d1_0.name,d1_0.notes,d1_0.phone_number from debtors d1_0
Hibernate: select l1_0.debtor_id,l1_0.id,l1_0.amount,l1_0.due_date,l1_0.remaining_amount,l1_0.status from loans l1_0 where l1_0.debtor_id=?
Hibernate: select l1_0.debtor_id,l1_0.id,l1_0.amount,l1_0.due_date,l1_0.remaining_amount,l1_0.status from loans l1_0 where l1_0.debtor_id=?
Hibernate: select l1_0.debtor_id,l1_0.id,l1_0.amount,l1_0.due_date,l1_0.remaining_amount,l1_0.status from loans l1_0 where l1_0.debtor_id=?
Hibernate: select d1_0.id,d1_0.address,d1_0.created_at,d1_0.email,d1_0.name,d1_0.notes,d1_0.phone_number from debtors d1_0
Hibernate: select l1_0.debtor_id,l1_0.id,l1_0.amount,l1_0.due_date,l1_0.remaining_amount,l1_0.status from loans l1_0 where l1_0.debtor_id=?
Hibernate: select l1_0.debtor_id,l1_0.id,l1_0.amount,l1_0.due_date,l1_0.remaining_amount,l1_0.status from loans l1_0 where l1_0.debtor_id=?
Hibernate: select l1_0.debtor_id,l1_0.id,l1_0.amount,l1_0.due_date,l1_0.remaining_amount,l1_0.status from loans l1_0 where l1_0.debtor_id=?
Hibernate: select d1_0.id,d1_0.address,d1_0.created_at,d1_0.email,d1_0.name,d1_0.notes,d1_0.phone_number from debtors d1_0
Hibernate: select l1_0.debtor_id,l1_0.id,l1_0.amount,l1_0.due_date,l1_0.remaining_amount,l1_0.status from loans l1_0 where l1_0.debtor_id=?
Hibernate: select l1_0.debtor_id,l1_0.id,l1_0.amount,l1_0.due_date,l1_0.remaining_amount,l1_0.status from loans l1_0 where l1_0.debtor_id=?
Hibernate: select l1_0.debtor_id,l1_0.id,l1_0.amount,l1_0.due_date,l1_0.remaining_amount,l1_0.status from loans l1_0 where l1_0.debtor_id=?
Hibernate: select d1_0.id,d1_0.address,d1_0.created_at,d1_0.email,d1_0.name,d1_0.notes,d1_0.phone_number from debtors d1_0
Hibernate: select l1_0.debtor_id,l1_0.id,l1_0.amount,l1_0.due_date,l1_0.remaining_amount,l1_0.status from loans l1_0 where l1_0.debtor_id=?
Hibernate: select l1_0.debtor_id,l1_0.id,l1_0.amount,l1_0.due_date,l1_0.remaining_amount,l1_0.status from loans l1_0 where l1_0.debtor_id=?
Hibernate: select l1_0.debtor_id,l1_0.id,l1_0.amount,l1_0.due_date,l1_0.remaining_amount,l1_0.status from loans l1_0 where l1_0.debtor_id=?
Hibernate: select d1_0.id,d1_0.address,d1_0.created_at,d1_0.email,d1_0.name,d1_0.notes,d1_0.phone_number from debtors d1_0
Hibernate: select l1_0.debtor_id,l1_0.id,l1_0.amount,l1_0.due_date,l1_0.remaining_amount,l1_0.status from loans l1_0 where l1_0.debtor_id=?
Hibernate: select l1_0.debtor_id,l1_0.id,l1_0.amount,l1_0.due_date,l1_0.remaining_amount,l1_0.status from loans l1_0 where l1_0.debtor_id=?
Hibernate: select l1_0.debtor_id,l1_0.id,l1_0.amount,l1_0.due_date,l1_0.remaining_amount,l1_0.status from loans l1_0 where l1_0.debtor_id=?
Hibernate: select d1_0.id,d1_0.address,d1_0.created_at,d1_0.email,d1_0.name,d1_0.notes,d1_0.phone_number from debtors d1_0
Hibernate: select l1_0.debtor_id,l1_0.id,l1_0.amount,l1_0.due_date,l1_0.remaining_amount,l1_0.status from loans l1_0 where l1_0.debtor_id=?
Hibernate: select l1_0.debtor_id,l1_0.id,l1_0.amount,l1_0.due_date,l1_0.remaining_amount,l1_0.status from loans l1_0 where l1_0.debtor_id=?
Hibernate: select l1_0.debtor_id,l1_0.id,l1_0.amount,l1_0.due_date,l1_0.remaining_amount,l1_0.status from loans l1_0 where l1_0.debtor_id=?
Hibernate: select d1_0.id,d1_0.address,d1_0.created_at,d1_0.email,d1_0.name,d1_0.notes,d1_0.phone_number from debtors d1_0
Hibernate: select l1_0.debtor_id,l1_0.id,l1_0.amount,l1_0.due_date,l1_0.remaining_amount,l1_0.status from loans l1_0 where l1_0.debtor_id=?
Hibernate: select l1_0.debtor_id,l1_0.id,l1_0.amount,l1_0.due_date,l1_0.remaining_amount,l1_0.status from loans l1_0 where l1_0.debtor_id=?
Hibernate: select l1_0.debtor_id,l1_0.id,l1_0.amount,l1_0.due_date,l1_0.remaining_amount,l1_0.status from loans l1_0 where l1_0.debtor_id=?
Hibernate: select d1_0.id,d1_0.address,d1_0.created_at,d1_0.email,d1_0.name,d1_0.notes,d1_0.phone_number from debtors d1_0
Hibernate: select l1_0.debtor_id,l1_0.id,l1_0.amount,l1_0.due_date,l1_0.remaining_amount,l1_0.status from loans l1_0 where l1_0.debtor_id=?
Hibernate: select l1_0.debtor_id,l1_0.id,l1_0.amount,l1_0.due_date,l1_0.remaining_amount,l1_0.status from loans l1_0 where l1_0.debtor_id=?
Hibernate: select l1_0.debtor_id,l1_0.id,l1_0.amount,l1_0.due_date,l1_0.remaining_amount,l1_0.status from loans l1_0 where l1_0.debtor_id=?
Hibernate: select u1_0.id,u1_0.created_at,u1_0.password,u1_0.role,u1_0.username from users u1_0 where u1_0.username=?
Hibernate: select d1_0.id,d1_0.address,d1_0.created_at,d1_0.email,d1_0.name,d1_0.notes,d1_0.phone_number from debtors d1_0
Hibernate: select l1_0.debtor_id,l1_0.id,l1_0.amount,l1_0.due_date,l1_0.remaining_amount,l1_0.status from loans l1_0 where l1_0.debtor_id=?
Hibernate: select l1_0.debtor_id,l1_0.id,l1_0.amount,l1_0.due_date,l1_0.remaining_amount,l1_0.status from loans l1_0 where l1_0.debtor_id=?
Hibernate: select l1_0.debtor_id,l1_0.id,l1_0.amount,l1_0.due_date,l1_0.remaining_amount,l1_0.status from loans l1_0 where l1_0.debtor_id=?
Hibernate: select d1_0.id,d1_0.address,d1_0.created_at,d1_0.email,d1_0.name,d1_0.notes,d1_0.phone_number from debtors d1_0
Hibernate: select l1_0.debtor_id,l1_0.id,l1_0.amount,l1_0.due_date,l1_0.remaining_amount,l1_0.status from loans l1_0 where l1_0.debtor_id=?
Hibernate: select l1_0.debtor_id,l1_0.id,l1_0.amount,l1_0.due_date,l1_0.remaining_amount,l1_0.status from loans l1_0 where l1_0.debtor_id=?
Hibernate: select l1_0.debtor_id,l1_0.id,l1_0.amount,l1_0.due_date,l1_0.remaining_amount,l1_0.status from loans l1_0 where l1_0.debtor_id=?
Hibernate: select d1_0.id,d1_0.address,d1_0.created_at,d1_0.email,d1_0.name,d1_0.notes,d1_0.phone_number from debtors d1_0
Hibernate: select l1_0.debtor_id,l1_0.id,l1_0.amount,l1_0.due_date,l1_0.remaining_amount,l1_0.status from loans l1_0 where l1_0.debtor_id=?
Hibernate: select l1_0.debtor_id,l1_0.id,l1_0.amount,l1_0.due_date,l1_0.remaining_amount,l1_0.status from loans l1_0 where l1_0.debtor_id=?
Hibernate: select l1_0.debtor_id,l1_0.id,l1_0.amount,l1_0.due_date,l1_0.remaining_amount,l1_0.status from loans l1_0 where l1_0.debtor_id=?
Hibernate: select d1_0.id,d1_0.address,d1_0.created_at,d1_0.email,d1_0.name,d1_0.notes,d1_0.phone_number from debtors d1_0
Hibernate: select l1_0.debtor_id,l1_0.id,l1_0.amount,l1_0.due_date,l1_0.remaining_amount,l1_0.status from loans l1_0 where l1_0.debtor_id=?
Hibernate: select l1_0.debtor_id,l1_0.id,l1_0.amount,l1_0.due_date,l1_0.remaining_amount,l1_0.status from loans l1_0 where l1_0.debtor_id=?
Hibernate: select l1_0.debtor_id,l1_0.id,l1_0.amount,l1_0.due_date,l1_0.remaining_amount,l1_0.status from loans l1_0 where l1_0.debtor_id=?
Hibernate: select d1_0.id,d1_0.address,d1_0.created_at,d1_0.email,d1_0.name,d1_0.notes,d1_0.phone_number from debtors d1_0
Hibernate: select l1_0.debtor_id,l1_0.id,l1_0.amount,l1_0.due_date,l1_0.remaining_amount,l1_0.status from loans l1_0 where l1_0.debtor_id=?
Hibernate: select l1_0.debtor_id,l1_0.id,l1_0.amount,l1_0.due_date,l1_0.remaining_amount,l1_0.status from loans l1_0 where l1_0.debtor_id=?
Hibernate: select l1_0.debtor_id,l1_0.id,l1_0.amount,l1_0.due_date,l1_0.remaining_amount,l1_0.status from loans l1_0 where l1_0.debtor_id=?
